<?xml version="1.0" encoding="UTF-8"?>
<testng-results ignored="0" total="2" passed="2" failed="0" skipped="0">
  <reporter-output>
  </reporter-output>
  <suite started-at="2024-12-17T20:07:01 IST" name="Default suite" finished-at="2024-12-17T20:07:13 IST" duration-ms="11650">
    <groups>
    </groups>
    <test started-at="2024-12-17T20:07:01 IST" name="Default test" finished-at="2024-12-17T20:07:13 IST" duration-ms="11650">
      <class name="Browser.lauch">
        <test-method is-config="true" signature="Config()[pri:0, instance:Browser.lauch@557caf28]" started-at="2024-12-17T20:07:01 IST" name="Config" finished-at="2024-12-17T20:07:02 IST" duration-ms="396" status="PASS">
          <reporter-output>
          </reporter-output>
        </test-method> <!-- Config -->
        <test-method signature="Config()[pri:0, instance:Browser.lauch@557caf28]" started-at="2024-12-17T20:07:02 IST" name="Config" finished-at="2024-12-17T20:07:02 IST" duration-ms="8" status="PASS">
          <reporter-output>
          </reporter-output>
        </test-method> <!-- Config -->
        <test-method signature="lauchbrowser()[pri:0, instance:Browser.lauch@557caf28]" started-at="2024-12-17T20:07:02 IST" name="lauchbrowser" finished-at="2024-12-17T20:07:13 IST" duration-ms="11179" status="PASS">
          <reporter-output>
          </reporter-output>
        </test-method> <!-- lauchbrowser -->
      </class> <!-- Browser.lauch -->
    </test> <!-- Default test -->
  </suite> <!-- Default suite -->
</testng-results>
